{"duration":"7ms","ip":"::1","level":"warn","message":"REQUEST_ERROR","method":"GET","service":"hermetik-backend","statusCode":400,"timestamp":"2025-08-25 11:23:38","url":"/api/wallet/wallets"}
{"duration":"4ms","ip":"::1","level":"warn","message":"REQUEST_ERROR","method":"GET","service":"hermetik-backend","statusCode":400,"timestamp":"2025-08-25 11:23:39","url":"/api/wallet/wallets"}
{"duration":"12ms","ip":"::1","level":"warn","message":"REQUEST_ERROR","method":"GET","service":"hermetik-backend","statusCode":400,"timestamp":"2025-08-25 11:23:40","url":"/api/wallet/wallets"}
{"duration":"14ms","ip":"::1","level":"warn","message":"REQUEST_ERROR","method":"GET","service":"hermetik-backend","statusCode":400,"timestamp":"2025-08-25 11:23:41","url":"/api/wallet/wallets"}
{"duration":"114ms","ip":"::1","level":"warn","message":"REQUEST_ERROR","method":"GET","service":"hermetik-backend","statusCode":404,"timestamp":"2025-08-25 11:28:41","url":"/api/nav"}
{"duration":"129ms","ip":"::1","level":"warn","message":"REQUEST_ERROR","method":"GET","service":"hermetik-backend","statusCode":400,"timestamp":"2025-08-25 11:28:41","url":"/api/wallet/wallets"}
{"duration":"102ms","ip":"::1","level":"warn","message":"REQUEST_ERROR","method":"GET","service":"hermetik-backend","statusCode":404,"timestamp":"2025-08-25 11:28:41","url":"/api/nav"}
{"duration":"105ms","ip":"::1","level":"warn","message":"REQUEST_ERROR","method":"GET","service":"hermetik-backend","statusCode":400,"timestamp":"2025-08-25 11:28:41","url":"/api/wallet/wallets"}
{"duration":"134ms","ip":"::1","level":"warn","message":"REQUEST_ERROR","method":"GET","service":"hermetik-backend","statusCode":400,"timestamp":"2025-08-25 11:30:51","url":"/api/wallet/wallets"}
{"duration":"1ms","ip":"::1","level":"warn","message":"REQUEST_ERROR","method":"GET","service":"hermetik-backend","statusCode":401,"timestamp":"2025-08-25 11:32:19","url":"/api/nav"}
{"duration":"11ms","ip":"::1","level":"warn","message":"REQUEST_ERROR","method":"GET","service":"hermetik-backend","statusCode":500,"timestamp":"2025-08-25 11:32:41","url":"/api/nav"}
{"duration":"39ms","ip":"::1","level":"warn","message":"REQUEST_ERROR","method":"GET","service":"hermetik-backend","statusCode":400,"timestamp":"2025-08-25 11:34:34","url":"/api/wallet/wallets"}
{"duration":"16ms","ip":"::1","level":"warn","message":"REQUEST_ERROR","method":"POST","service":"hermetik-backend","statusCode":401,"timestamp":"2025-08-25 11:34:51","url":"/api/nav/netflows"}
{"duration":"3ms","ip":"::1","level":"warn","message":"REQUEST_ERROR","method":"POST","service":"hermetik-backend","statusCode":401,"timestamp":"2025-08-25 11:34:53","url":"/api/nav/netflows"}
{"duration":"5ms","ip":"::1","level":"warn","message":"REQUEST_ERROR","method":"POST","service":"hermetik-backend","statusCode":401,"timestamp":"2025-08-25 11:34:54","url":"/api/nav/netflows"}
{"duration":"2ms","ip":"::1","level":"warn","message":"REQUEST_ERROR","method":"POST","service":"hermetik-backend","statusCode":401,"timestamp":"2025-08-25 11:34:54","url":"/api/nav/netflows"}
{"duration":"2ms","ip":"::1","level":"warn","message":"REQUEST_ERROR","method":"POST","service":"hermetik-backend","statusCode":401,"timestamp":"2025-08-25 11:34:54","url":"/api/nav/netflows"}
{"duration":"2ms","ip":"::1","level":"warn","message":"REQUEST_ERROR","method":"POST","service":"hermetik-backend","statusCode":401,"timestamp":"2025-08-25 11:34:55","url":"/api/nav/netflows"}
{"duration":"2ms","ip":"::1","level":"warn","message":"REQUEST_ERROR","method":"POST","service":"hermetik-backend","statusCode":401,"timestamp":"2025-08-25 11:34:55","url":"/api/nav/netflows"}
{"duration":"3ms","ip":"::1","level":"warn","message":"REQUEST_ERROR","method":"POST","service":"hermetik-backend","statusCode":401,"timestamp":"2025-08-25 11:34:55","url":"/api/nav/netflows"}
{"duration":"3ms","ip":"::1","level":"warn","message":"REQUEST_ERROR","method":"POST","service":"hermetik-backend","statusCode":401,"timestamp":"2025-08-25 11:34:56","url":"/api/nav/netflows"}
{"duration":"2ms","ip":"::1","level":"warn","message":"REQUEST_ERROR","method":"POST","service":"hermetik-backend","statusCode":401,"timestamp":"2025-08-25 11:34:56","url":"/api/nav/netflows"}
{"duration":"3ms","ip":"::1","level":"warn","message":"REQUEST_ERROR","method":"POST","service":"hermetik-backend","statusCode":401,"timestamp":"2025-08-25 11:34:57","url":"/api/nav/netflows"}
{"duration":"3ms","ip":"::1","level":"warn","message":"REQUEST_ERROR","method":"POST","service":"hermetik-backend","statusCode":401,"timestamp":"2025-08-25 11:34:57","url":"/api/nav/netflows"}
{"duration":"3ms","ip":"::1","level":"warn","message":"REQUEST_ERROR","method":"POST","service":"hermetik-backend","statusCode":401,"timestamp":"2025-08-25 11:34:57","url":"/api/nav/netflows"}
{"duration":"3ms","ip":"::1","level":"warn","message":"REQUEST_ERROR","method":"POST","service":"hermetik-backend","statusCode":401,"timestamp":"2025-08-25 11:34:57","url":"/api/nav/netflows"}
{"duration":"1ms","ip":"::1","level":"warn","message":"REQUEST_ERROR","method":"POST","service":"hermetik-backend","statusCode":401,"timestamp":"2025-08-25 11:34:58","url":"/api/nav/netflows"}
{"duration":"1ms","ip":"::1","level":"warn","message":"REQUEST_ERROR","method":"POST","service":"hermetik-backend","statusCode":401,"timestamp":"2025-08-25 11:34:58","url":"/api/nav/netflows"}
{"duration":"3ms","ip":"::1","level":"warn","message":"REQUEST_ERROR","method":"POST","service":"hermetik-backend","statusCode":401,"timestamp":"2025-08-25 11:34:58","url":"/api/nav/netflows"}
{"duration":"2ms","ip":"::1","level":"warn","message":"REQUEST_ERROR","method":"POST","service":"hermetik-backend","statusCode":401,"timestamp":"2025-08-25 11:34:58","url":"/api/nav/netflows"}
{"duration":"2ms","ip":"::1","level":"warn","message":"REQUEST_ERROR","method":"POST","service":"hermetik-backend","statusCode":401,"timestamp":"2025-08-25 11:34:58","url":"/api/nav/netflows"}
{"duration":"1ms","ip":"::1","level":"warn","message":"REQUEST_ERROR","method":"POST","service":"hermetik-backend","statusCode":401,"timestamp":"2025-08-25 11:34:58","url":"/api/nav/netflows"}
{"duration":"3ms","ip":"::1","level":"warn","message":"REQUEST_ERROR","method":"POST","service":"hermetik-backend","statusCode":401,"timestamp":"2025-08-25 11:34:58","url":"/api/nav/netflows"}
{"duration":"1ms","ip":"::1","level":"warn","message":"REQUEST_ERROR","method":"POST","service":"hermetik-backend","statusCode":401,"timestamp":"2025-08-25 11:34:58","url":"/api/nav/netflows"}
{"duration":"2ms","ip":"::1","level":"warn","message":"REQUEST_ERROR","method":"POST","service":"hermetik-backend","statusCode":401,"timestamp":"2025-08-25 11:34:58","url":"/api/nav/netflows"}
{"duration":"2ms","ip":"::1","level":"warn","message":"REQUEST_ERROR","method":"POST","service":"hermetik-backend","statusCode":401,"timestamp":"2025-08-25 11:34:58","url":"/api/nav/netflows"}
{"duration":"2ms","ip":"::1","level":"warn","message":"REQUEST_ERROR","method":"POST","service":"hermetik-backend","statusCode":401,"timestamp":"2025-08-25 11:34:58","url":"/api/nav/netflows"}
{"duration":"3ms","ip":"::1","level":"warn","message":"REQUEST_ERROR","method":"POST","service":"hermetik-backend","statusCode":401,"timestamp":"2025-08-25 11:34:59","url":"/api/nav/netflows"}
{"duration":"104ms","ip":"::1","level":"warn","message":"REQUEST_ERROR","method":"POST","service":"hermetik-backend","statusCode":401,"timestamp":"2025-08-25 11:34:59","url":"/api/nav/netflows"}
{"duration":"104ms","ip":"::1","level":"warn","message":"REQUEST_ERROR","method":"POST","service":"hermetik-backend","statusCode":401,"timestamp":"2025-08-25 11:35:00","url":"/api/nav/netflows"}
{"duration":"104ms","ip":"::1","level":"warn","message":"REQUEST_ERROR","method":"POST","service":"hermetik-backend","statusCode":401,"timestamp":"2025-08-25 11:35:00","url":"/api/nav/netflows"}
{"duration":"103ms","ip":"::1","level":"warn","message":"REQUEST_ERROR","method":"POST","service":"hermetik-backend","statusCode":401,"timestamp":"2025-08-25 11:35:00","url":"/api/nav/netflows"}
{"duration":"105ms","ip":"::1","level":"warn","message":"REQUEST_ERROR","method":"POST","service":"hermetik-backend","statusCode":401,"timestamp":"2025-08-25 11:35:00","url":"/api/nav/netflows"}
{"duration":"105ms","ip":"::1","level":"warn","message":"REQUEST_ERROR","method":"POST","service":"hermetik-backend","statusCode":401,"timestamp":"2025-08-25 11:35:01","url":"/api/nav/netflows"}
{"duration":"104ms","ip":"::1","level":"warn","message":"REQUEST_ERROR","method":"POST","service":"hermetik-backend","statusCode":401,"timestamp":"2025-08-25 11:35:02","url":"/api/nav/values"}
{"duration":"104ms","ip":"::1","level":"warn","message":"REQUEST_ERROR","method":"POST","service":"hermetik-backend","statusCode":401,"timestamp":"2025-08-25 11:35:03","url":"/api/nav/values"}
{"duration":"103ms","ip":"::1","level":"warn","message":"REQUEST_ERROR","method":"POST","service":"hermetik-backend","statusCode":401,"timestamp":"2025-08-25 11:35:03","url":"/api/nav/values"}
{"duration":"105ms","ip":"::1","level":"warn","message":"REQUEST_ERROR","method":"POST","service":"hermetik-backend","statusCode":401,"timestamp":"2025-08-25 11:35:03","url":"/api/nav/values"}
{"duration":"105ms","ip":"::1","level":"warn","message":"REQUEST_ERROR","method":"POST","service":"hermetik-backend","statusCode":401,"timestamp":"2025-08-25 11:35:04","url":"/api/nav/values"}
{"duration":"105ms","ip":"::1","level":"warn","message":"REQUEST_ERROR","method":"POST","service":"hermetik-backend","statusCode":401,"timestamp":"2025-08-25 11:35:04","url":"/api/nav/values"}
{"duration":"106ms","ip":"::1","level":"warn","message":"REQUEST_ERROR","method":"POST","service":"hermetik-backend","statusCode":401,"timestamp":"2025-08-25 11:35:04","url":"/api/nav/values"}
{"duration":"104ms","ip":"::1","level":"warn","message":"REQUEST_ERROR","method":"POST","service":"hermetik-backend","statusCode":401,"timestamp":"2025-08-25 11:35:05","url":"/api/nav/values"}
{"duration":"105ms","ip":"::1","level":"warn","message":"REQUEST_ERROR","method":"POST","service":"hermetik-backend","statusCode":401,"timestamp":"2025-08-25 11:35:06","url":"/api/nav/netflows"}
{"duration":"104ms","ip":"::1","level":"warn","message":"REQUEST_ERROR","method":"POST","service":"hermetik-backend","statusCode":401,"timestamp":"2025-08-25 11:35:06","url":"/api/nav/netflows"}
{"duration":"103ms","ip":"::1","level":"warn","message":"REQUEST_ERROR","method":"POST","service":"hermetik-backend","statusCode":401,"timestamp":"2025-08-25 11:35:06","url":"/api/nav/netflows"}
{"duration":"104ms","ip":"::1","level":"warn","message":"REQUEST_ERROR","method":"POST","service":"hermetik-backend","statusCode":401,"timestamp":"2025-08-25 11:35:06","url":"/api/nav/netflows"}
{"duration":"102ms","ip":"::1","level":"warn","message":"REQUEST_ERROR","method":"POST","service":"hermetik-backend","statusCode":401,"timestamp":"2025-08-25 11:35:06","url":"/api/nav/netflows"}
{"duration":"103ms","ip":"::1","level":"warn","message":"REQUEST_ERROR","method":"POST","service":"hermetik-backend","statusCode":401,"timestamp":"2025-08-25 11:35:06","url":"/api/nav/netflows"}
{"duration":"102ms","ip":"::1","level":"warn","message":"REQUEST_ERROR","method":"POST","service":"hermetik-backend","statusCode":401,"timestamp":"2025-08-25 11:35:06","url":"/api/nav/netflows"}
{"duration":"104ms","ip":"::1","level":"warn","message":"REQUEST_ERROR","method":"POST","service":"hermetik-backend","statusCode":401,"timestamp":"2025-08-25 11:35:06","url":"/api/nav/netflows"}
{"duration":"103ms","ip":"::1","level":"warn","message":"REQUEST_ERROR","method":"POST","service":"hermetik-backend","statusCode":401,"timestamp":"2025-08-25 11:35:06","url":"/api/nav/netflows"}
{"duration":"105ms","ip":"::1","level":"warn","message":"REQUEST_ERROR","method":"POST","service":"hermetik-backend","statusCode":401,"timestamp":"2025-08-25 11:35:09","url":"/api/nav/netflows"}
{"duration":"103ms","ip":"::1","level":"warn","message":"REQUEST_ERROR","method":"POST","service":"hermetik-backend","statusCode":401,"timestamp":"2025-08-25 11:35:10","url":"/api/nav/netflows"}
{"duration":"104ms","ip":"::1","level":"warn","message":"REQUEST_ERROR","method":"POST","service":"hermetik-backend","statusCode":401,"timestamp":"2025-08-25 11:35:10","url":"/api/nav/netflows"}
{"duration":"104ms","ip":"::1","level":"warn","message":"REQUEST_ERROR","method":"POST","service":"hermetik-backend","statusCode":401,"timestamp":"2025-08-25 11:35:10","url":"/api/nav/netflows"}
{"duration":"104ms","ip":"::1","level":"warn","message":"REQUEST_ERROR","method":"POST","service":"hermetik-backend","statusCode":401,"timestamp":"2025-08-25 11:35:13","url":"/api/nav/netflows"}
{"duration":"103ms","ip":"::1","level":"warn","message":"REQUEST_ERROR","method":"POST","service":"hermetik-backend","statusCode":401,"timestamp":"2025-08-25 11:35:13","url":"/api/nav/netflows"}
{"duration":"108ms","ip":"::1","level":"warn","message":"REQUEST_ERROR","method":"POST","service":"hermetik-backend","statusCode":401,"timestamp":"2025-08-25 11:35:13","url":"/api/nav/netflows"}
{"duration":"103ms","ip":"::1","level":"warn","message":"REQUEST_ERROR","method":"POST","service":"hermetik-backend","statusCode":401,"timestamp":"2025-08-25 11:35:13","url":"/api/nav/netflows"}
{"duration":"104ms","ip":"::1","level":"warn","message":"REQUEST_ERROR","method":"POST","service":"hermetik-backend","statusCode":401,"timestamp":"2025-08-25 11:35:13","url":"/api/nav/netflows"}
{"duration":"102ms","ip":"::1","level":"warn","message":"REQUEST_ERROR","method":"POST","service":"hermetik-backend","statusCode":401,"timestamp":"2025-08-25 11:35:13","url":"/api/nav/netflows"}
{"duration":"103ms","ip":"::1","level":"warn","message":"REQUEST_ERROR","method":"POST","service":"hermetik-backend","statusCode":401,"timestamp":"2025-08-25 11:35:13","url":"/api/nav/netflows"}
{"duration":"103ms","ip":"::1","level":"warn","message":"REQUEST_ERROR","method":"POST","service":"hermetik-backend","statusCode":401,"timestamp":"2025-08-25 11:35:13","url":"/api/nav/netflows"}
{"duration":"102ms","ip":"::1","level":"warn","message":"REQUEST_ERROR","method":"POST","service":"hermetik-backend","statusCode":401,"timestamp":"2025-08-25 11:35:13","url":"/api/nav/netflows"}
{"duration":"103ms","ip":"::1","level":"warn","message":"REQUEST_ERROR","method":"POST","service":"hermetik-backend","statusCode":401,"timestamp":"2025-08-25 11:35:13","url":"/api/nav/netflows"}
{"duration":"103ms","ip":"::1","level":"warn","message":"REQUEST_ERROR","method":"POST","service":"hermetik-backend","statusCode":401,"timestamp":"2025-08-25 11:35:13","url":"/api/nav/netflows"}
{"duration":"104ms","ip":"::1","level":"warn","message":"REQUEST_ERROR","method":"POST","service":"hermetik-backend","statusCode":401,"timestamp":"2025-08-25 11:35:13","url":"/api/nav/netflows"}
{"duration":"101ms","ip":"::1","level":"warn","message":"REQUEST_ERROR","method":"POST","service":"hermetik-backend","statusCode":401,"timestamp":"2025-08-25 11:35:13","url":"/api/nav/netflows"}
{"duration":"103ms","ip":"::1","level":"warn","message":"REQUEST_ERROR","method":"POST","service":"hermetik-backend","statusCode":401,"timestamp":"2025-08-25 11:35:13","url":"/api/nav/netflows"}
{"duration":"104ms","ip":"::1","level":"warn","message":"REQUEST_ERROR","method":"POST","service":"hermetik-backend","statusCode":401,"timestamp":"2025-08-25 11:35:14","url":"/api/nav/netflows"}
{"duration":"102ms","ip":"::1","level":"warn","message":"REQUEST_ERROR","method":"POST","service":"hermetik-backend","statusCode":401,"timestamp":"2025-08-25 11:35:14","url":"/api/nav/netflows"}
{"duration":"103ms","ip":"::1","level":"warn","message":"REQUEST_ERROR","method":"POST","service":"hermetik-backend","statusCode":401,"timestamp":"2025-08-25 11:35:14","url":"/api/nav/netflows"}
{"duration":"102ms","ip":"::1","level":"warn","message":"REQUEST_ERROR","method":"POST","service":"hermetik-backend","statusCode":401,"timestamp":"2025-08-25 11:35:14","url":"/api/nav/netflows"}
{"duration":"113ms","ip":"::1","level":"warn","message":"REQUEST_ERROR","method":"POST","service":"hermetik-backend","statusCode":401,"timestamp":"2025-08-25 11:35:14","url":"/api/nav/netflows"}
{"duration":"102ms","ip":"::1","level":"warn","message":"REQUEST_ERROR","method":"POST","service":"hermetik-backend","statusCode":401,"timestamp":"2025-08-25 11:35:14","url":"/api/nav/netflows"}
{"duration":"1ms","ip":"::1","level":"warn","message":"REQUEST_ERROR","method":"POST","service":"hermetik-backend","statusCode":429,"timestamp":"2025-08-25 11:35:14","url":"/api/nav/netflows"}
{"duration":"0ms","ip":"::1","level":"warn","message":"REQUEST_ERROR","method":"POST","service":"hermetik-backend","statusCode":429,"timestamp":"2025-08-25 11:35:14","url":"/api/nav/netflows"}
{"duration":"0ms","ip":"::1","level":"warn","message":"REQUEST_ERROR","method":"POST","service":"hermetik-backend","statusCode":429,"timestamp":"2025-08-25 11:35:14","url":"/api/nav/netflows"}
{"duration":"1ms","ip":"::1","level":"warn","message":"REQUEST_ERROR","method":"POST","service":"hermetik-backend","statusCode":429,"timestamp":"2025-08-25 11:35:14","url":"/api/nav/netflows"}
{"duration":"1ms","ip":"::1","level":"warn","message":"REQUEST_ERROR","method":"POST","service":"hermetik-backend","statusCode":429,"timestamp":"2025-08-25 11:35:14","url":"/api/nav/netflows"}
{"duration":"1ms","ip":"::1","level":"warn","message":"REQUEST_ERROR","method":"POST","service":"hermetik-backend","statusCode":429,"timestamp":"2025-08-25 11:35:14","url":"/api/nav/netflows"}
{"duration":"1ms","ip":"::1","level":"warn","message":"REQUEST_ERROR","method":"POST","service":"hermetik-backend","statusCode":429,"timestamp":"2025-08-25 11:35:14","url":"/api/nav/netflows"}
{"duration":"1ms","ip":"::1","level":"warn","message":"REQUEST_ERROR","method":"POST","service":"hermetik-backend","statusCode":429,"timestamp":"2025-08-25 11:35:14","url":"/api/nav/netflows"}
{"duration":"1ms","ip":"::1","level":"warn","message":"REQUEST_ERROR","method":"POST","service":"hermetik-backend","statusCode":429,"timestamp":"2025-08-25 11:35:14","url":"/api/nav/netflows"}
{"duration":"1ms","ip":"::1","level":"warn","message":"REQUEST_ERROR","method":"POST","service":"hermetik-backend","statusCode":429,"timestamp":"2025-08-25 11:35:14","url":"/api/nav/netflows"}
{"duration":"2ms","ip":"::1","level":"warn","message":"REQUEST_ERROR","method":"POST","service":"hermetik-backend","statusCode":429,"timestamp":"2025-08-25 11:35:14","url":"/api/nav/netflows"}
{"duration":"3ms","ip":"::1","level":"warn","message":"REQUEST_ERROR","method":"POST","service":"hermetik-backend","statusCode":429,"timestamp":"2025-08-25 11:35:14","url":"/api/nav/netflows"}
{"duration":"2ms","ip":"::1","level":"warn","message":"REQUEST_ERROR","method":"POST","service":"hermetik-backend","statusCode":429,"timestamp":"2025-08-25 11:35:14","url":"/api/nav/netflows"}
{"duration":"1ms","ip":"::1","level":"warn","message":"REQUEST_ERROR","method":"POST","service":"hermetik-backend","statusCode":429,"timestamp":"2025-08-25 11:35:14","url":"/api/nav/netflows"}
{"duration":"2ms","ip":"::1","level":"warn","message":"REQUEST_ERROR","method":"POST","service":"hermetik-backend","statusCode":429,"timestamp":"2025-08-25 11:35:14","url":"/api/nav/netflows"}
{"duration":"1ms","ip":"::1","level":"warn","message":"REQUEST_ERROR","method":"POST","service":"hermetik-backend","statusCode":429,"timestamp":"2025-08-25 11:35:14","url":"/api/nav/netflows"}
{"duration":"1ms","ip":"::1","level":"warn","message":"REQUEST_ERROR","method":"POST","service":"hermetik-backend","statusCode":429,"timestamp":"2025-08-25 11:35:15","url":"/api/nav/netflows"}
{"duration":"1ms","ip":"::1","level":"warn","message":"REQUEST_ERROR","method":"POST","service":"hermetik-backend","statusCode":429,"timestamp":"2025-08-25 11:35:15","url":"/api/nav/netflows"}
{"duration":"1ms","ip":"::1","level":"warn","message":"REQUEST_ERROR","method":"POST","service":"hermetik-backend","statusCode":429,"timestamp":"2025-08-25 11:35:15","url":"/api/nav/netflows"}
{"duration":"2ms","ip":"::1","level":"warn","message":"REQUEST_ERROR","method":"POST","service":"hermetik-backend","statusCode":429,"timestamp":"2025-08-25 11:35:15","url":"/api/nav/netflows"}
{"duration":"1ms","ip":"::1","level":"warn","message":"REQUEST_ERROR","method":"POST","service":"hermetik-backend","statusCode":429,"timestamp":"2025-08-25 11:35:15","url":"/api/nav/netflows"}
{"duration":"2ms","ip":"::1","level":"warn","message":"REQUEST_ERROR","method":"POST","service":"hermetik-backend","statusCode":429,"timestamp":"2025-08-25 11:35:15","url":"/api/nav/netflows"}
{"duration":"2ms","ip":"::1","level":"warn","message":"REQUEST_ERROR","method":"OPTIONS","service":"hermetik-backend","statusCode":429,"timestamp":"2025-08-25 11:35:20","url":"/api/wallet/wallets?userId=689bcacf9fe4bbc83dc79fd1"}
{"duration":"3ms","ip":"::1","level":"warn","message":"REQUEST_ERROR","method":"OPTIONS","service":"hermetik-backend","statusCode":429,"timestamp":"2025-08-25 11:35:21","url":"/api/wallet/wallets?userId=689bcacf9fe4bbc83dc79fd1"}
{"duration":"1ms","ip":"::1","level":"warn","message":"REQUEST_ERROR","method":"OPTIONS","service":"hermetik-backend","statusCode":429,"timestamp":"2025-08-25 11:35:27","url":"/api/nav/netflows"}
{"duration":"17ms","ip":"::1","level":"warn","message":"REQUEST_ERROR","method":"POST","service":"hermetik-backend","statusCode":401,"timestamp":"2025-08-25 11:38:03","url":"/api/nav/netflows"}
{"duration":"4ms","ip":"::1","level":"warn","message":"REQUEST_ERROR","method":"POST","service":"hermetik-backend","statusCode":401,"timestamp":"2025-08-25 11:38:04","url":"/api/nav/netflows"}
{"duration":"3ms","ip":"::1","level":"warn","message":"REQUEST_ERROR","method":"POST","service":"hermetik-backend","statusCode":401,"timestamp":"2025-08-25 11:38:04","url":"/api/nav/netflows"}
{"duration":"3ms","ip":"::1","level":"warn","message":"REQUEST_ERROR","method":"POST","service":"hermetik-backend","statusCode":401,"timestamp":"2025-08-25 11:38:05","url":"/api/nav/netflows"}
{"duration":"3ms","ip":"::1","level":"warn","message":"REQUEST_ERROR","method":"POST","service":"hermetik-backend","statusCode":401,"timestamp":"2025-08-25 11:38:05","url":"/api/nav/netflows"}
{"duration":"3ms","ip":"::1","level":"warn","message":"REQUEST_ERROR","method":"GET","service":"hermetik-backend","statusCode":401,"timestamp":"2025-08-25 11:38:08","url":"/api/nav"}
{"duration":"1ms","ip":"::1","level":"warn","message":"REQUEST_ERROR","method":"GET","service":"hermetik-backend","statusCode":401,"timestamp":"2025-08-25 11:38:08","url":"/api/nav"}
{"duration":"1ms","ip":"::1","level":"warn","message":"REQUEST_ERROR","method":"POST","service":"hermetik-backend","statusCode":401,"timestamp":"2025-08-25 11:38:25","url":"/api/nav/netflows"}
{"duration":"1ms","ip":"::1","level":"warn","message":"REQUEST_ERROR","method":"GET","service":"hermetik-backend","statusCode":401,"timestamp":"2025-08-25 11:38:25","url":"/api/nav"}
{"duration":"4ms","ip":"::1","level":"warn","message":"REQUEST_ERROR","method":"POST","service":"hermetik-backend","statusCode":401,"timestamp":"2025-08-25 11:38:26","url":"/api/nav/netflows"}
{"duration":"5ms","ip":"::1","level":"warn","message":"REQUEST_ERROR","method":"GET","service":"hermetik-backend","statusCode":401,"timestamp":"2025-08-25 11:38:26","url":"/api/nav"}
{"duration":"2ms","ip":"::1","level":"warn","message":"REQUEST_ERROR","method":"POST","service":"hermetik-backend","statusCode":401,"timestamp":"2025-08-25 11:38:26","url":"/api/nav/netflows"}
{"duration":"4ms","ip":"::1","level":"warn","message":"REQUEST_ERROR","method":"GET","service":"hermetik-backend","statusCode":401,"timestamp":"2025-08-25 11:38:28","url":"/api/nav"}
{"duration":"2ms","ip":"::1","level":"warn","message":"REQUEST_ERROR","method":"GET","service":"hermetik-backend","statusCode":401,"timestamp":"2025-08-25 11:38:32","url":"/api/nav"}
{"duration":"5ms","ip":"::1","level":"warn","message":"REQUEST_ERROR","method":"GET","service":"hermetik-backend","statusCode":401,"timestamp":"2025-08-25 11:39:16","url":"/api/nav"}
{"duration":"102ms","ip":"::1","level":"warn","message":"REQUEST_ERROR","method":"GET","service":"hermetik-backend","statusCode":401,"timestamp":"2025-08-25 11:39:44","url":"/api/nav"}
{"duration":"101ms","ip":"::1","level":"warn","message":"REQUEST_ERROR","method":"GET","service":"hermetik-backend","statusCode":401,"timestamp":"2025-08-25 11:39:44","url":"/api/nav"}
{"duration":"1ms","ip":"::1","level":"warn","message":"REQUEST_ERROR","method":"GET","service":"hermetik-backend","statusCode":429,"timestamp":"2025-08-25 11:41:27","url":"/api/wallet/wallets?userId=689bcacf9fe4bbc83dc79fd1"}
{"duration":"1ms","ip":"::1","level":"warn","message":"REQUEST_ERROR","method":"GET","service":"hermetik-backend","statusCode":429,"timestamp":"2025-08-25 11:41:27","url":"/api/wallet/wallets?userId=689bcacf9fe4bbc83dc79fd1"}
{"duration":"1ms","ip":"::1","level":"warn","message":"REQUEST_ERROR","method":"GET","service":"hermetik-backend","statusCode":429,"timestamp":"2025-08-25 11:41:27","url":"/api/wallet/wallets?userId=689bcacf9fe4bbc83dc79fd1"}
{"duration":"0ms","ip":"::1","level":"warn","message":"REQUEST_ERROR","method":"GET","service":"hermetik-backend","statusCode":429,"timestamp":"2025-08-25 11:41:27","url":"/api/wallet/wallets?userId=689bcacf9fe4bbc83dc79fd1"}
{"duration":"0ms","ip":"::1","level":"warn","message":"REQUEST_ERROR","method":"GET","service":"hermetik-backend","statusCode":429,"timestamp":"2025-08-25 11:41:27","url":"/api/wallet/wallets?userId=689bcacf9fe4bbc83dc79fd1"}
{"duration":"1ms","ip":"::1","level":"warn","message":"REQUEST_ERROR","method":"GET","service":"hermetik-backend","statusCode":429,"timestamp":"2025-08-25 11:41:28","url":"/api/wallet/wallets?userId=689bcacf9fe4bbc83dc79fd1"}
{"duration":"0ms","ip":"::1","level":"warn","message":"REQUEST_ERROR","method":"GET","service":"hermetik-backend","statusCode":429,"timestamp":"2025-08-25 11:41:28","url":"/api/wallet/wallets?userId=689bcacf9fe4bbc83dc79fd1"}
{"duration":"1ms","ip":"::1","level":"warn","message":"REQUEST_ERROR","method":"GET","service":"hermetik-backend","statusCode":429,"timestamp":"2025-08-25 11:41:28","url":"/api/wallet/wallets?userId=689bcacf9fe4bbc83dc79fd1"}
{"duration":"1ms","ip":"::1","level":"warn","message":"REQUEST_ERROR","method":"GET","service":"hermetik-backend","statusCode":429,"timestamp":"2025-08-25 11:41:28","url":"/api/wallet/wallets?userId=689bcacf9fe4bbc83dc79fd1"}
{"duration":"1ms","ip":"::1","level":"warn","message":"REQUEST_ERROR","method":"GET","service":"hermetik-backend","statusCode":429,"timestamp":"2025-08-25 11:41:28","url":"/api/wallet/wallets?userId=689bcacf9fe4bbc83dc79fd1"}
{"duration":"4ms","ip":"::1","level":"warn","message":"REQUEST_ERROR","method":"OPTIONS","service":"hermetik-backend","statusCode":429,"timestamp":"2025-08-25 11:41:29","url":"/api/wallet/wallets?userId=689bcacf9fe4bbc83dc79fd1"}
{"duration":"2ms","ip":"::1","level":"warn","message":"REQUEST_ERROR","method":"OPTIONS","service":"hermetik-backend","statusCode":429,"timestamp":"2025-08-25 11:41:37","url":"/api/nav/netflows"}
{"duration":"2ms","ip":"::1","level":"warn","message":"REQUEST_ERROR","method":"OPTIONS","service":"hermetik-backend","statusCode":429,"timestamp":"2025-08-25 11:41:37","url":"/api/nav/netflows"}
{"duration":"4ms","ip":"::1","level":"warn","message":"REQUEST_ERROR","method":"OPTIONS","service":"hermetik-backend","statusCode":429,"timestamp":"2025-08-25 11:41:39","url":"/api/nav/netflows"}
{"duration":"1ms","ip":"::1","level":"warn","message":"REQUEST_ERROR","method":"OPTIONS","service":"hermetik-backend","statusCode":429,"timestamp":"2025-08-25 11:41:40","url":"/api/nav/netflows"}
{"duration":"2ms","ip":"::1","level":"warn","message":"REQUEST_ERROR","method":"OPTIONS","service":"hermetik-backend","statusCode":429,"timestamp":"2025-08-25 11:41:40","url":"/api/nav/netflows"}
{"duration":"3ms","ip":"::1","level":"warn","message":"REQUEST_ERROR","method":"POST","service":"hermetik-backend","statusCode":429,"timestamp":"2025-08-25 11:42:19","url":"/api/auth/login"}
{"duration":"19ms","ip":"::1","level":"warn","message":"REQUEST_ERROR","method":"OPTIONS","service":"hermetik-backend","statusCode":429,"timestamp":"2025-08-25 11:43:40","url":"/api/nav/netflows"}
{"duration":"2ms","ip":"::1","level":"warn","message":"REQUEST_ERROR","method":"OPTIONS","service":"hermetik-backend","statusCode":429,"timestamp":"2025-08-25 11:43:41","url":"/api/nav/netflows"}
{"duration":"1ms","ip":"::1","level":"warn","message":"REQUEST_ERROR","method":"OPTIONS","service":"hermetik-backend","statusCode":429,"timestamp":"2025-08-25 11:43:41","url":"/api/nav/netflows"}
{"duration":"1ms","ip":"::1","level":"warn","message":"REQUEST_ERROR","method":"OPTIONS","service":"hermetik-backend","statusCode":429,"timestamp":"2025-08-25 11:43:41","url":"/api/nav/netflows"}
{"duration":"1ms","ip":"::1","level":"warn","message":"REQUEST_ERROR","method":"OPTIONS","service":"hermetik-backend","statusCode":429,"timestamp":"2025-08-25 11:43:42","url":"/api/nav/netflows"}
{"duration":"3ms","ip":"::1","level":"warn","message":"REQUEST_ERROR","method":"OPTIONS","service":"hermetik-backend","statusCode":429,"timestamp":"2025-08-25 11:43:43","url":"/api/nav/values"}
{"duration":"2ms","ip":"::1","level":"warn","message":"REQUEST_ERROR","method":"OPTIONS","service":"hermetik-backend","statusCode":429,"timestamp":"2025-08-25 11:43:44","url":"/api/nav/values"}
{"duration":"2ms","ip":"::1","level":"warn","message":"REQUEST_ERROR","method":"OPTIONS","service":"hermetik-backend","statusCode":429,"timestamp":"2025-08-25 11:43:44","url":"/api/nav/values"}
{"duration":"3ms","ip":"::1","level":"warn","message":"REQUEST_ERROR","method":"OPTIONS","service":"hermetik-backend","statusCode":429,"timestamp":"2025-08-25 11:43:44","url":"/api/nav/values"}
{"duration":"1ms","ip":"::1","level":"warn","message":"REQUEST_ERROR","method":"OPTIONS","service":"hermetik-backend","statusCode":429,"timestamp":"2025-08-25 11:43:45","url":"/api/nav/values"}
{"duration":"1ms","ip":"::1","level":"warn","message":"REQUEST_ERROR","method":"OPTIONS","service":"hermetik-backend","statusCode":429,"timestamp":"2025-08-25 11:43:45","url":"/api/nav/values"}
{"duration":"1ms","ip":"::1","level":"warn","message":"REQUEST_ERROR","method":"OPTIONS","service":"hermetik-backend","statusCode":429,"timestamp":"2025-08-25 11:43:45","url":"/api/nav/values"}
{"duration":"1ms","ip":"::1","level":"warn","message":"REQUEST_ERROR","method":"OPTIONS","service":"hermetik-backend","statusCode":429,"timestamp":"2025-08-25 11:43:52","url":"/api/nav/volatility"}
{"duration":"3ms","ip":"::1","level":"warn","message":"REQUEST_ERROR","method":"OPTIONS","service":"hermetik-backend","statusCode":429,"timestamp":"2025-08-25 11:43:53","url":"/api/nav/volatility"}
{"duration":"5ms","ip":"::1","level":"warn","message":"REQUEST_ERROR","method":"OPTIONS","service":"hermetik-backend","statusCode":429,"timestamp":"2025-08-25 11:43:53","url":"/api/nav/volatility"}
{"duration":"2ms","ip":"::1","level":"warn","message":"REQUEST_ERROR","method":"OPTIONS","service":"hermetik-backend","statusCode":429,"timestamp":"2025-08-25 11:43:53","url":"/api/nav/volatility"}
{"duration":"4ms","ip":"::1","level":"warn","message":"REQUEST_ERROR","method":"OPTIONS","service":"hermetik-backend","statusCode":429,"timestamp":"2025-08-25 11:43:53","url":"/api/nav/volatility"}
{"duration":"2ms","ip":"::1","level":"warn","message":"REQUEST_ERROR","method":"OPTIONS","service":"hermetik-backend","statusCode":429,"timestamp":"2025-08-25 11:43:54","url":"/api/nav/volatility"}
{"duration":"3ms","ip":"::1","level":"warn","message":"REQUEST_ERROR","method":"OPTIONS","service":"hermetik-backend","statusCode":429,"timestamp":"2025-08-25 11:43:58","url":"/api/auth/all-users"}
{"duration":"1ms","ip":"::1","level":"warn","message":"REQUEST_ERROR","method":"OPTIONS","service":"hermetik-backend","statusCode":429,"timestamp":"2025-08-25 11:43:58","url":"/api/auth/all-users"}
{"duration":"2ms","ip":"::1","level":"warn","message":"REQUEST_ERROR","method":"OPTIONS","service":"hermetik-backend","statusCode":429,"timestamp":"2025-08-25 11:44:26","url":"/api/nav"}
{"duration":"2ms","ip":"::1","level":"warn","message":"REQUEST_ERROR","method":"OPTIONS","service":"hermetik-backend","statusCode":429,"timestamp":"2025-08-25 11:44:26","url":"/api/auth/profile"}
{"duration":"2ms","ip":"::1","level":"warn","message":"REQUEST_ERROR","method":"OPTIONS","service":"hermetik-backend","statusCode":429,"timestamp":"2025-08-25 11:44:26","url":"/api/auth/profile"}
{"duration":"2ms","ip":"::1","level":"warn","message":"REQUEST_ERROR","method":"OPTIONS","service":"hermetik-backend","statusCode":429,"timestamp":"2025-08-25 11:44:27","url":"/api/nav"}
{"duration":"4ms","ip":"::1","level":"warn","message":"REQUEST_ERROR","method":"OPTIONS","service":"hermetik-backend","statusCode":429,"timestamp":"2025-08-25 11:44:29","url":"/api/nav"}
{"duration":"4ms","ip":"::1","level":"warn","message":"REQUEST_ERROR","method":"OPTIONS","service":"hermetik-backend","statusCode":429,"timestamp":"2025-08-25 11:44:30","url":"/api/auth/login"}
{"duration":"2ms","ip":"::1","level":"warn","message":"REQUEST_ERROR","method":"OPTIONS","service":"hermetik-backend","statusCode":429,"timestamp":"2025-08-25 11:44:31","url":"/api/auth/login"}
{"duration":"2ms","ip":"::1","level":"warn","message":"REQUEST_ERROR","method":"OPTIONS","service":"hermetik-backend","statusCode":429,"timestamp":"2025-08-25 11:44:31","url":"/api/auth/login"}
{"duration":"1ms","ip":"::1","level":"warn","message":"REQUEST_ERROR","method":"OPTIONS","service":"hermetik-backend","statusCode":429,"timestamp":"2025-08-25 11:44:31","url":"/api/auth/login"}
{"duration":"4ms","ip":"::1","level":"warn","message":"REQUEST_ERROR","method":"OPTIONS","service":"hermetik-backend","statusCode":429,"timestamp":"2025-08-25 11:44:33","url":"/api/nav"}
{"duration":"32ms","ip":"::1","level":"warn","message":"REQUEST_ERROR","method":"GET","service":"hermetik-backend","statusCode":400,"timestamp":"2025-08-25 11:47:09","url":"/api/wallet/wallets"}
{"duration":"14ms","ip":"::1","level":"warn","message":"REQUEST_ERROR","method":"GET","service":"hermetik-backend","statusCode":400,"timestamp":"2025-08-25 11:47:10","url":"/api/wallet/wallets"}
{"duration":"105ms","ip":"::1","level":"warn","message":"REQUEST_ERROR","method":"GET","service":"hermetik-backend","statusCode":400,"timestamp":"2025-08-25 11:49:59","url":"/api/wallet/wallets"}
{"duration":"111ms","ip":"::1","level":"warn","message":"REQUEST_ERROR","method":"GET","service":"hermetik-backend","statusCode":400,"timestamp":"2025-08-25 11:50:00","url":"/api/wallet/wallets"}
{"duration":"2ms","ip":"::1","level":"warn","message":"REQUEST_ERROR","method":"OPTIONS","service":"hermetik-backend","statusCode":429,"timestamp":"2025-08-25 11:50:09","url":"/api/analytics/nav-settings/689bcacf9fe4bbc83dc79fd1/2025/8/prior-nav"}
{"duration":"1ms","ip":"::1","level":"warn","message":"REQUEST_ERROR","method":"GET","service":"hermetik-backend","statusCode":429,"timestamp":"2025-08-25 11:50:09","url":"/api/wallet/wallets?userId=689bcacf9fe4bbc83dc79fd1"}
{"duration":"0ms","ip":"::1","level":"warn","message":"REQUEST_ERROR","method":"GET","service":"hermetik-backend","statusCode":429,"timestamp":"2025-08-25 11:50:09","url":"/api/analytics/nav-settings/689bcacf9fe4bbc83dc79fd1/2025/8"}
{"duration":"0ms","ip":"::1","level":"warn","message":"REQUEST_ERROR","method":"GET","service":"hermetik-backend","statusCode":429,"timestamp":"2025-08-25 11:50:09","url":"/api/analytics/nav-settings/689bcacf9fe4bbc83dc79fd1/available-months"}
{"duration":"0ms","ip":"::1","level":"warn","message":"REQUEST_ERROR","method":"GET","service":"hermetik-backend","statusCode":429,"timestamp":"2025-08-25 11:50:09","url":"/api/analytics/nav-settings/689bcacf9fe4bbc83dc79fd1/available-months"}
{"duration":"0ms","ip":"::1","level":"warn","message":"REQUEST_ERROR","method":"GET","service":"hermetik-backend","statusCode":429,"timestamp":"2025-08-25 11:50:09","url":"/api/analytics/nav-settings/689bcacf9fe4bbc83dc79fd1/2025/8/prior-nav"}
{"duration":"4ms","ip":"::1","level":"warn","message":"REQUEST_ERROR","method":"OPTIONS","service":"hermetik-backend","statusCode":429,"timestamp":"2025-08-25 11:50:10","url":"/api/wallet/wallets?userId=689bcacf9fe4bbc83dc79fd1"}
{"duration":"1ms","ip":"::1","level":"warn","message":"REQUEST_ERROR","method":"GET","service":"hermetik-backend","statusCode":429,"timestamp":"2025-08-25 11:50:10","url":"/api/analytics/nav-settings/689bcacf9fe4bbc83dc79fd1/2025/8"}
{"duration":"13ms","ip":"::1","level":"warn","message":"REQUEST_ERROR","method":"OPTIONS","service":"hermetik-backend","statusCode":429,"timestamp":"2025-08-25 11:50:40","url":"/api/wallet/wallets?userId=689bcacf9fe4bbc83dc79fd1"}
{"duration":"1ms","ip":"::1","level":"warn","message":"REQUEST_ERROR","method":"OPTIONS","service":"hermetik-backend","statusCode":429,"timestamp":"2025-08-25 11:50:41","url":"/api/wallet/wallets?userId=689bcacf9fe4bbc83dc79fd1"}
{"duration":"18ms","ip":"::1","level":"warn","message":"REQUEST_ERROR","method":"OPTIONS","service":"hermetik-backend","statusCode":429,"timestamp":"2025-08-25 11:51:11","url":"/api/wallet/wallets?userId=689bcacf9fe4bbc83dc79fd1"}
{"duration":"1ms","ip":"::1","level":"warn","message":"REQUEST_ERROR","method":"OPTIONS","service":"hermetik-backend","statusCode":429,"timestamp":"2025-08-25 11:51:12","url":"/api/wallet/wallets?userId=689bcacf9fe4bbc83dc79fd1"}
{"duration":"3ms","ip":"::1","level":"warn","message":"REQUEST_ERROR","method":"OPTIONS","service":"hermetik-backend","statusCode":429,"timestamp":"2025-08-25 11:51:34","url":"/api/nav/values"}
{"duration":"2ms","ip":"::1","level":"warn","message":"REQUEST_ERROR","method":"OPTIONS","service":"hermetik-backend","statusCode":429,"timestamp":"2025-08-25 11:51:34","url":"/api/nav/values"}
{"duration":"1ms","ip":"::1","level":"warn","message":"REQUEST_ERROR","method":"OPTIONS","service":"hermetik-backend","statusCode":429,"timestamp":"2025-08-25 11:51:34","url":"/api/nav/values"}
{"duration":"1ms","ip":"::1","level":"warn","message":"REQUEST_ERROR","method":"OPTIONS","service":"hermetik-backend","statusCode":429,"timestamp":"2025-08-25 11:51:34","url":"/api/nav/values"}
{"duration":"2ms","ip":"::1","level":"warn","message":"REQUEST_ERROR","method":"OPTIONS","service":"hermetik-backend","statusCode":429,"timestamp":"2025-08-25 11:51:34","url":"/api/nav/values"}
{"duration":"1ms","ip":"::1","level":"warn","message":"REQUEST_ERROR","method":"OPTIONS","service":"hermetik-backend","statusCode":429,"timestamp":"2025-08-25 11:51:34","url":"/api/nav/values"}
{"duration":"1ms","ip":"::1","level":"warn","message":"REQUEST_ERROR","method":"OPTIONS","service":"hermetik-backend","statusCode":429,"timestamp":"2025-08-25 11:51:35","url":"/api/nav/values"}
{"duration":"0ms","ip":"::1","level":"warn","message":"REQUEST_ERROR","method":"OPTIONS","service":"hermetik-backend","statusCode":429,"timestamp":"2025-08-25 11:51:35","url":"/api/nav/values"}
{"duration":"1ms","ip":"::1","level":"warn","message":"REQUEST_ERROR","method":"OPTIONS","service":"hermetik-backend","statusCode":429,"timestamp":"2025-08-25 11:51:35","url":"/api/nav/values"}
{"duration":"0ms","ip":"::1","level":"warn","message":"REQUEST_ERROR","method":"OPTIONS","service":"hermetik-backend","statusCode":429,"timestamp":"2025-08-25 11:51:35","url":"/api/nav/values"}
{"duration":"1ms","ip":"::1","level":"warn","message":"REQUEST_ERROR","method":"OPTIONS","service":"hermetik-backend","statusCode":429,"timestamp":"2025-08-25 11:51:42","url":"/api/wallet/wallets?userId=689bcacf9fe4bbc83dc79fd1"}
{"duration":"2ms","ip":"::1","level":"warn","message":"REQUEST_ERROR","method":"OPTIONS","service":"hermetik-backend","statusCode":429,"timestamp":"2025-08-25 11:51:43","url":"/api/wallet/wallets?userId=689bcacf9fe4bbc83dc79fd1"}
{"duration":"1ms","ip":"::1","level":"warn","message":"REQUEST_ERROR","method":"OPTIONS","service":"hermetik-backend","statusCode":429,"timestamp":"2025-08-25 11:51:46","url":"/api/nav/netflows"}
{"duration":"2ms","ip":"::1","level":"warn","message":"REQUEST_ERROR","method":"OPTIONS","service":"hermetik-backend","statusCode":429,"timestamp":"2025-08-25 11:51:47","url":"/api/nav/netflows"}
{"duration":"1ms","ip":"::1","level":"warn","message":"REQUEST_ERROR","method":"OPTIONS","service":"hermetik-backend","statusCode":429,"timestamp":"2025-08-25 11:51:47","url":"/api/nav/netflows"}
{"duration":"0ms","ip":"::1","level":"warn","message":"REQUEST_ERROR","method":"OPTIONS","service":"hermetik-backend","statusCode":429,"timestamp":"2025-08-25 11:51:47","url":"/api/nav/netflows"}
{"duration":"0ms","ip":"::1","level":"warn","message":"REQUEST_ERROR","method":"OPTIONS","service":"hermetik-backend","statusCode":429,"timestamp":"2025-08-25 11:51:47","url":"/api/nav/netflows"}
{"duration":"0ms","ip":"::1","level":"warn","message":"REQUEST_ERROR","method":"OPTIONS","service":"hermetik-backend","statusCode":429,"timestamp":"2025-08-25 11:51:47","url":"/api/nav/netflows"}
{"duration":"0ms","ip":"::1","level":"warn","message":"REQUEST_ERROR","method":"OPTIONS","service":"hermetik-backend","statusCode":429,"timestamp":"2025-08-25 11:51:47","url":"/api/nav/netflows"}
{"duration":"0ms","ip":"::1","level":"warn","message":"REQUEST_ERROR","method":"OPTIONS","service":"hermetik-backend","statusCode":429,"timestamp":"2025-08-25 11:51:47","url":"/api/nav/netflows"}
{"duration":"1ms","ip":"::1","level":"warn","message":"REQUEST_ERROR","method":"OPTIONS","service":"hermetik-backend","statusCode":429,"timestamp":"2025-08-25 11:51:47","url":"/api/nav/netflows"}
{"duration":"1ms","ip":"::1","level":"warn","message":"REQUEST_ERROR","method":"OPTIONS","service":"hermetik-backend","statusCode":429,"timestamp":"2025-08-25 11:51:47","url":"/api/nav/netflows"}
{"duration":"0ms","ip":"::1","level":"warn","message":"REQUEST_ERROR","method":"OPTIONS","service":"hermetik-backend","statusCode":429,"timestamp":"2025-08-25 11:51:47","url":"/api/nav/netflows"}
{"duration":"1ms","ip":"::1","level":"warn","message":"REQUEST_ERROR","method":"OPTIONS","service":"hermetik-backend","statusCode":429,"timestamp":"2025-08-25 11:51:47","url":"/api/nav/netflows"}
{"duration":"2ms","ip":"::1","level":"warn","message":"REQUEST_ERROR","method":"OPTIONS","service":"hermetik-backend","statusCode":429,"timestamp":"2025-08-25 11:51:49","url":"/api/nav/netflows"}
{"duration":"1ms","ip":"::1","level":"warn","message":"REQUEST_ERROR","method":"OPTIONS","service":"hermetik-backend","statusCode":429,"timestamp":"2025-08-25 11:51:51","url":"/api/nav/netflows"}
{"duration":"2ms","ip":"::1","level":"warn","message":"REQUEST_ERROR","method":"OPTIONS","service":"hermetik-backend","statusCode":429,"timestamp":"2025-08-25 11:51:52","url":"/api/nav/netflows"}
{"duration":"1ms","ip":"::1","level":"warn","message":"REQUEST_ERROR","method":"OPTIONS","service":"hermetik-backend","statusCode":429,"timestamp":"2025-08-25 11:51:52","url":"/api/nav/netflows"}
{"duration":"2ms","ip":"::1","level":"warn","message":"REQUEST_ERROR","method":"OPTIONS","service":"hermetik-backend","statusCode":429,"timestamp":"2025-08-25 11:51:52","url":"/api/nav/netflows"}
{"duration":"2ms","ip":"::1","level":"warn","message":"REQUEST_ERROR","method":"OPTIONS","service":"hermetik-backend","statusCode":429,"timestamp":"2025-08-25 11:51:54","url":"/api/nav/netflows"}
{"duration":"3ms","ip":"::1","level":"warn","message":"REQUEST_ERROR","method":"OPTIONS","service":"hermetik-backend","statusCode":429,"timestamp":"2025-08-25 11:51:57","url":"/api/analytics/nav-settings/689bcacf9fe4bbc83dc79fd1/2025/8"}
{"duration":"2ms","ip":"::1","level":"warn","message":"REQUEST_ERROR","method":"OPTIONS","service":"hermetik-backend","statusCode":429,"timestamp":"2025-08-25 11:51:58","url":"/api/analytics/nav-settings/689bcacf9fe4bbc83dc79fd1/2025/8"}
{"duration":"2ms","ip":"::1","level":"warn","message":"REQUEST_ERROR","method":"OPTIONS","service":"hermetik-backend","statusCode":429,"timestamp":"2025-08-25 11:52:13","url":"/api/wallet/wallets?userId=689bcacf9fe4bbc83dc79fd1"}
{"duration":"2ms","ip":"::1","level":"warn","message":"REQUEST_ERROR","method":"OPTIONS","service":"hermetik-backend","statusCode":429,"timestamp":"2025-08-25 11:52:14","url":"/api/wallet/wallets?userId=689bcacf9fe4bbc83dc79fd1"}
{"duration":"1ms","ip":"::1","level":"warn","message":"REQUEST_ERROR","method":"OPTIONS","service":"hermetik-backend","statusCode":429,"timestamp":"2025-08-25 11:52:18","url":"/api/wallet/wallets?userId=689bcacf9fe4bbc83dc79fd1"}
{"duration":"2ms","ip":"::1","level":"warn","message":"REQUEST_ERROR","method":"OPTIONS","service":"hermetik-backend","statusCode":429,"timestamp":"2025-08-25 11:52:19","url":"/api/wallet/wallets?userId=689bcacf9fe4bbc83dc79fd1"}
{"duration":"1ms","ip":"::1","level":"warn","message":"REQUEST_ERROR","method":"OPTIONS","service":"hermetik-backend","statusCode":429,"timestamp":"2025-08-25 11:52:20","url":"/api/auth/all-users"}
{"duration":"0ms","ip":"::1","level":"warn","message":"REQUEST_ERROR","method":"OPTIONS","service":"hermetik-backend","statusCode":429,"timestamp":"2025-08-25 11:52:20","url":"/api/auth/all-users"}
{"duration":"2ms","ip":"::1","level":"warn","message":"REQUEST_ERROR","method":"OPTIONS","service":"hermetik-backend","statusCode":429,"timestamp":"2025-08-25 11:52:21","url":"/api/auth/all-users"}
{"duration":"2ms","ip":"::1","level":"warn","message":"REQUEST_ERROR","method":"OPTIONS","service":"hermetik-backend","statusCode":429,"timestamp":"2025-08-25 11:52:22","url":"/api/auth/all-users"}
{"duration":"3ms","ip":"::1","level":"warn","message":"REQUEST_ERROR","method":"OPTIONS","service":"hermetik-backend","statusCode":429,"timestamp":"2025-08-25 11:52:22","url":"/api/auth/all-users"}
{"duration":"8ms","ip":"::1","level":"warn","message":"REQUEST_ERROR","method":"OPTIONS","service":"hermetik-backend","statusCode":429,"timestamp":"2025-08-25 11:52:22","url":"/api/auth/all-users"}
{"duration":"4ms","ip":"::1","level":"warn","message":"REQUEST_ERROR","method":"OPTIONS","service":"hermetik-backend","statusCode":429,"timestamp":"2025-08-25 11:55:48","url":"/api/nav"}
{"duration":"1ms","ip":"::1","level":"warn","message":"REQUEST_ERROR","method":"OPTIONS","service":"hermetik-backend","statusCode":429,"timestamp":"2025-08-25 11:55:48","url":"/api/auth/profile"}
{"duration":"3ms","ip":"::1","level":"warn","message":"REQUEST_ERROR","method":"OPTIONS","service":"hermetik-backend","statusCode":429,"timestamp":"2025-08-25 11:55:48","url":"/api/auth/profile"}
{"duration":"1ms","ip":"::1","level":"warn","message":"REQUEST_ERROR","method":"OPTIONS","service":"hermetik-backend","statusCode":429,"timestamp":"2025-08-25 11:55:49","url":"/api/nav"}
{"duration":"1ms","ip":"::1","level":"warn","message":"REQUEST_ERROR","method":"OPTIONS","service":"hermetik-backend","statusCode":429,"timestamp":"2025-08-25 11:55:51","url":"/api/nav"}
{"duration":"3ms","ip":"::1","level":"warn","message":"REQUEST_ERROR","method":"OPTIONS","service":"hermetik-backend","statusCode":429,"timestamp":"2025-08-25 11:55:51","url":"/api/auth/login"}
{"duration":"2ms","ip":"::1","level":"warn","message":"REQUEST_ERROR","method":"OPTIONS","service":"hermetik-backend","statusCode":429,"timestamp":"2025-08-25 11:55:52","url":"/api/auth/login"}
{"duration":"2ms","ip":"::1","level":"warn","message":"REQUEST_ERROR","method":"OPTIONS","service":"hermetik-backend","statusCode":429,"timestamp":"2025-08-25 11:55:53","url":"/api/auth/login"}
{"duration":"3ms","ip":"::1","level":"warn","message":"REQUEST_ERROR","method":"OPTIONS","service":"hermetik-backend","statusCode":429,"timestamp":"2025-08-25 11:55:57","url":"/api/nav"}
{"duration":"4ms","ip":"::1","level":"warn","message":"REQUEST_ERROR","method":"OPTIONS","service":"hermetik-backend","statusCode":429,"timestamp":"2025-08-25 11:55:58","url":"/api/auth/login"}
{"duration":"1ms","ip":"::1","level":"warn","message":"REQUEST_ERROR","method":"OPTIONS","service":"hermetik-backend","statusCode":429,"timestamp":"2025-08-25 11:55:58","url":"/api/auth/login"}
{"duration":"5ms","ip":"::1","level":"warn","message":"REQUEST_ERROR","method":"OPTIONS","service":"hermetik-backend","statusCode":429,"timestamp":"2025-08-25 11:55:59","url":"/api/auth/login"}
{"duration":"2ms","ip":"::1","level":"warn","message":"REQUEST_ERROR","method":"OPTIONS","service":"hermetik-backend","statusCode":429,"timestamp":"2025-08-25 11:55:59","url":"/api/auth/login"}
{"duration":"1ms","ip":"::1","level":"warn","message":"REQUEST_ERROR","method":"OPTIONS","service":"hermetik-backend","statusCode":429,"timestamp":"2025-08-25 11:55:59","url":"/api/auth/login"}
{"duration":"1ms","ip":"::1","level":"warn","message":"REQUEST_ERROR","method":"OPTIONS","service":"hermetik-backend","statusCode":429,"timestamp":"2025-08-25 11:55:59","url":"/api/auth/login"}
{"duration":"1ms","ip":"::1","level":"warn","message":"REQUEST_ERROR","method":"OPTIONS","service":"hermetik-backend","statusCode":429,"timestamp":"2025-08-25 11:56:02","url":"/api/nav"}
{"duration":"1ms","ip":"::1","level":"warn","message":"REQUEST_ERROR","method":"OPTIONS","service":"hermetik-backend","statusCode":429,"timestamp":"2025-08-25 11:56:02","url":"/api/nav"}
{"duration":"3ms","ip":"::1","level":"warn","message":"REQUEST_ERROR","method":"OPTIONS","service":"hermetik-backend","statusCode":429,"timestamp":"2025-08-25 11:56:13","url":"/api/auth/login"}
{"duration":"1ms","ip":"::1","level":"warn","message":"REQUEST_ERROR","method":"OPTIONS","service":"hermetik-backend","statusCode":429,"timestamp":"2025-08-25 11:56:14","url":"/api/auth/login"}
{"duration":"1ms","ip":"::1","level":"warn","message":"REQUEST_ERROR","method":"POST","service":"hermetik-backend","statusCode":429,"timestamp":"2025-08-25 11:56:29","url":"/api/auth/login"}
{"duration":"11ms","ip":"::1","level":"warn","message":"REQUEST_ERROR","method":"GET","service":"hermetik-backend","statusCode":401,"timestamp":"2025-08-25 11:58:08","url":"/api/nav"}
{"duration":"6ms","ip":"::1","level":"warn","message":"REQUEST_ERROR","method":"GET","service":"hermetik-backend","statusCode":401,"timestamp":"2025-08-25 11:58:08","url":"/api/nav"}
{"duration":"7ms","ip":"::1","level":"warn","message":"REQUEST_ERROR","method":"GET","service":"hermetik-backend","statusCode":400,"timestamp":"2025-08-25 11:58:14","url":"/api/wallet/wallets"}
{"duration":"10ms","ip":"::1","level":"warn","message":"REQUEST_ERROR","method":"GET","service":"hermetik-backend","statusCode":400,"timestamp":"2025-08-25 11:58:15","url":"/api/wallet/wallets"}
{"duration":"6ms","ip":"::1","level":"warn","message":"REQUEST_ERROR","method":"GET","service":"hermetik-backend","statusCode":400,"timestamp":"2025-08-25 11:58:48","url":"/api/wallet/wallets"}
{"duration":"10ms","ip":"::1","level":"warn","message":"REQUEST_ERROR","method":"GET","service":"hermetik-backend","statusCode":400,"timestamp":"2025-08-25 11:58:49","url":"/api/wallet/wallets"}
{"duration":"16ms","ip":"::1","level":"warn","message":"REQUEST_ERROR","method":"GET","service":"hermetik-backend","statusCode":400,"timestamp":"2025-08-25 12:21:20","url":"/api/wallet/wallets"}
{"duration":"4ms","ip":"::1","level":"warn","message":"REQUEST_ERROR","method":"GET","service":"hermetik-backend","statusCode":400,"timestamp":"2025-08-25 12:21:21","url":"/api/wallet/wallets"}
{"duration":"4ms","ip":"::1","level":"warn","message":"REQUEST_ERROR","method":"GET","service":"hermetik-backend","statusCode":400,"timestamp":"2025-08-25 12:22:15","url":"/api/wallet/wallets"}
{"duration":"3ms","ip":"::1","level":"warn","message":"REQUEST_ERROR","method":"GET","service":"hermetik-backend","statusCode":400,"timestamp":"2025-08-25 12:22:16","url":"/api/wallet/wallets"}
{"duration":"9ms","ip":"::1","level":"warn","message":"REQUEST_ERROR","method":"GET","service":"hermetik-backend","statusCode":400,"timestamp":"2025-08-25 12:26:26","url":"/api/wallet/wallets"}
{"duration":"3ms","ip":"::1","level":"warn","message":"REQUEST_ERROR","method":"GET","service":"hermetik-backend","statusCode":400,"timestamp":"2025-08-25 12:26:27","url":"/api/wallet/wallets"}
{"duration":"3ms","ip":"::1","level":"warn","message":"REQUEST_ERROR","method":"GET","service":"hermetik-backend","statusCode":400,"timestamp":"2025-08-25 12:38:26","url":"/api/wallet/wallets"}
{"duration":"4ms","ip":"::1","level":"warn","message":"REQUEST_ERROR","method":"GET","service":"hermetik-backend","statusCode":400,"timestamp":"2025-08-25 12:38:27","url":"/api/wallet/wallets"}
{"duration":"3ms","ip":"::1","level":"warn","message":"REQUEST_ERROR","method":"GET","service":"hermetik-backend","statusCode":404,"timestamp":"2025-08-25 12:39:15","url":"/api/analytics/export/excel"}
{"duration":"2ms","ip":"::1","level":"warn","message":"REQUEST_ERROR","method":"GET","service":"hermetik-backend","statusCode":404,"timestamp":"2025-08-25 12:39:15","url":"/api/analytics/export/excel?userId=689bcacf9fe4bbc83dc79fd1"}
{"duration":"10ms","ip":"::1","level":"warn","message":"REQUEST_ERROR","method":"GET","service":"hermetik-backend","statusCode":400,"timestamp":"2025-08-25 12:40:07","url":"/api/wallet/wallets"}
{"duration":"7ms","ip":"::1","level":"warn","message":"REQUEST_ERROR","method":"GET","service":"hermetik-backend","statusCode":400,"timestamp":"2025-08-25 12:40:08","url":"/api/wallet/wallets"}
{"duration":"11ms","ip":"::1","level":"warn","message":"REQUEST_ERROR","method":"GET","service":"hermetik-backend","statusCode":400,"timestamp":"2025-08-25 12:40:09","url":"/api/wallet/wallets"}
{"duration":"18ms","ip":"::1","level":"warn","message":"REQUEST_ERROR","method":"GET","service":"hermetik-backend","statusCode":400,"timestamp":"2025-08-25 12:40:10","url":"/api/wallet/wallets"}
{"duration":"6ms","ip":"::1","level":"warn","message":"REQUEST_ERROR","method":"GET","service":"hermetik-backend","statusCode":400,"timestamp":"2025-08-25 12:40:11","url":"/api/wallet/wallets"}
{"duration":"14ms","ip":"::1","level":"warn","message":"REQUEST_ERROR","method":"GET","service":"hermetik-backend","statusCode":400,"timestamp":"2025-08-25 12:40:15","url":"/api/wallet/wallets"}
{"duration":"7ms","ip":"::1","level":"warn","message":"REQUEST_ERROR","method":"GET","service":"hermetik-backend","statusCode":400,"timestamp":"2025-08-25 12:40:16","url":"/api/wallet/wallets"}
{"duration":"19ms","ip":"::1","level":"warn","message":"REQUEST_ERROR","method":"GET","service":"hermetik-backend","statusCode":400,"timestamp":"2025-08-25 12:40:18","url":"/api/wallet/wallets"}
{"duration":"5ms","ip":"::1","level":"warn","message":"REQUEST_ERROR","method":"GET","service":"hermetik-backend","statusCode":400,"timestamp":"2025-08-25 12:40:19","url":"/api/wallet/wallets"}
{"duration":"5ms","ip":"::1","level":"warn","message":"REQUEST_ERROR","method":"GET","service":"hermetik-backend","statusCode":400,"timestamp":"2025-08-25 12:40:21","url":"/api/wallet/wallets"}
{"duration":"6ms","ip":"::1","level":"warn","message":"REQUEST_ERROR","method":"GET","service":"hermetik-backend","statusCode":400,"timestamp":"2025-08-25 12:40:23","url":"/api/wallet/wallets"}
{"duration":"51ms","ip":"::1","level":"warn","message":"REQUEST_ERROR","method":"GET","service":"hermetik-backend","statusCode":400,"timestamp":"2025-08-25 12:40:24","url":"/api/wallet/wallets"}
{"duration":"29ms","ip":"::1","level":"warn","message":"REQUEST_ERROR","method":"GET","service":"hermetik-backend","statusCode":400,"timestamp":"2025-08-25 12:43:35","url":"/api/wallet/wallets"}
{"duration":"8ms","ip":"::1","level":"warn","message":"REQUEST_ERROR","method":"GET","service":"hermetik-backend","statusCode":400,"timestamp":"2025-08-25 12:43:36","url":"/api/wallet/wallets"}
{"duration":"9ms","ip":"::1","level":"warn","message":"REQUEST_ERROR","method":"GET","service":"hermetik-backend","statusCode":400,"timestamp":"2025-08-25 12:43:37","url":"/api/wallet/wallets"}
{"duration":"10ms","ip":"::1","level":"warn","message":"REQUEST_ERROR","method":"GET","service":"hermetik-backend","statusCode":400,"timestamp":"2025-08-25 12:43:38","url":"/api/wallet/wallets"}
{"duration":"15ms","ip":"::1","level":"warn","message":"REQUEST_ERROR","method":"GET","service":"hermetik-backend","statusCode":400,"timestamp":"2025-08-25 12:43:39","url":"/api/wallet/wallets"}
{"duration":"10ms","ip":"::1","level":"warn","message":"REQUEST_ERROR","method":"GET","service":"hermetik-backend","statusCode":400,"timestamp":"2025-08-25 12:43:40","url":"/api/wallet/wallets"}
{"duration":"7ms","ip":"::1","level":"warn","message":"REQUEST_ERROR","method":"GET","service":"hermetik-backend","statusCode":400,"timestamp":"2025-08-25 12:58:27","url":"/api/wallet/wallets"}
{"duration":"65ms","ip":"::1","level":"warn","message":"REQUEST_ERROR","method":"GET","service":"hermetik-backend","statusCode":400,"timestamp":"2025-08-25 13:01:17","url":"/api/wallet/wallets"}
{"duration":"1354ms","ip":"::1","level":"warn","message":"REQUEST_ERROR","method":"GET","service":"hermetik-backend","statusCode":400,"timestamp":"2025-08-25 13:14:24","url":"/api/wallet/wallets"}
{"duration":"15ms","ip":"::1","level":"warn","message":"REQUEST_ERROR","method":"GET","service":"hermetik-backend","statusCode":400,"timestamp":"2025-08-25 13:17:27","url":"/api/wallet/wallets"}
{"duration":"23ms","ip":"::1","level":"warn","message":"REQUEST_ERROR","method":"GET","service":"hermetik-backend","statusCode":400,"timestamp":"2025-08-25 13:17:36","url":"/api/wallet/wallets"}
{"duration":"15ms","ip":"::1","level":"warn","message":"REQUEST_ERROR","method":"GET","service":"hermetik-backend","statusCode":400,"timestamp":"2025-08-25 13:17:45","url":"/api/wallet/wallets"}
{"duration":"8ms","ip":"::1","level":"warn","message":"REQUEST_ERROR","method":"GET","service":"hermetik-backend","statusCode":400,"timestamp":"2025-08-25 13:18:34","url":"/api/wallet/wallets"}
{"duration":"281ms","ip":"::1","level":"warn","message":"REQUEST_ERROR","method":"GET","service":"hermetik-backend","statusCode":400,"timestamp":"2025-08-25 13:25:18","url":"/api/wallet/wallets"}
{"duration":"49ms","ip":"::1","level":"warn","message":"REQUEST_ERROR","method":"GET","service":"hermetik-backend","statusCode":400,"timestamp":"2025-08-25 13:29:56","url":"/api/wallet/wallets"}
{"duration":"9ms","ip":"::1","level":"warn","message":"REQUEST_ERROR","method":"GET","service":"hermetik-backend","statusCode":400,"timestamp":"2025-08-25 13:30:07","url":"/api/wallet/wallets"}
{"duration":"14ms","ip":"::1","level":"warn","message":"REQUEST_ERROR","method":"GET","service":"hermetik-backend","statusCode":400,"timestamp":"2025-08-25 13:30:17","url":"/api/wallet/wallets"}
{"duration":"15ms","ip":"::1","level":"warn","message":"REQUEST_ERROR","method":"GET","service":"hermetik-backend","statusCode":400,"timestamp":"2025-08-25 13:30:28","url":"/api/wallet/wallets"}
{"duration":"22ms","ip":"::1","level":"warn","message":"REQUEST_ERROR","method":"GET","service":"hermetik-backend","statusCode":400,"timestamp":"2025-08-25 13:30:48","url":"/api/wallet/wallets"}
{"duration":"13ms","ip":"::1","level":"warn","message":"REQUEST_ERROR","method":"GET","service":"hermetik-backend","statusCode":400,"timestamp":"2025-08-25 13:31:00","url":"/api/wallet/wallets"}
{"duration":"1774ms","ip":"::1","level":"warn","message":"REQUEST_ERROR","method":"GET","service":"hermetik-backend","statusCode":400,"timestamp":"2025-08-25 13:36:57","url":"/api/wallet/wallets"}
{"duration":"10ms","ip":"::1","level":"warn","message":"REQUEST_ERROR","method":"GET","service":"hermetik-backend","statusCode":400,"timestamp":"2025-08-25 13:37:08","url":"/api/wallet/wallets"}
{"duration":"7ms","ip":"::1","level":"warn","message":"REQUEST_ERROR","method":"GET","service":"hermetik-backend","statusCode":400,"timestamp":"2025-08-25 13:37:09","url":"/api/wallet/wallets"}
{"duration":"4ms","ip":"::1","level":"warn","message":"REQUEST_ERROR","method":"GET","service":"hermetik-backend","statusCode":400,"timestamp":"2025-08-25 13:50:35","url":"/api/wallet/wallets"}
{"duration":"39ms","ip":"::1","level":"warn","message":"REQUEST_ERROR","method":"GET","service":"hermetik-backend","statusCode":400,"timestamp":"2025-08-25 13:51:17","url":"/api/wallet/wallets"}
{"duration":"32ms","ip":"::1","level":"warn","message":"REQUEST_ERROR","method":"POST","service":"hermetik-backend","statusCode":500,"timestamp":"2025-08-25 13:58:49","url":"/api/analytics/nav-settings/689bca849fe4bbc83dc793a2/2025/8"}
{"duration":"5ms","ip":"::1","level":"warn","message":"REQUEST_ERROR","method":"HEAD","service":"hermetik-backend","statusCode":404,"timestamp":"2025-08-25 13:59:51","url":"/"}
{"duration":"3ms","ip":"::1","level":"warn","message":"REQUEST_ERROR","method":"GET","service":"hermetik-backend","statusCode":401,"timestamp":"2025-08-25 14:00:01","url":"/api/nav"}
{"duration":"40ms","ip":"::1","level":"warn","message":"REQUEST_ERROR","method":"POST","service":"hermetik-backend","statusCode":500,"timestamp":"2025-08-25 14:02:12","url":"/api/analytics/nav-settings/689bca849fe4bbc83dc793a2/2025/8"}
{"duration":"2ms","ip":"::1","level":"warn","message":"REQUEST_ERROR","method":"GET","service":"hermetik-backend","statusCode":403,"timestamp":"2025-08-25 14:06:07","url":"/api/analytics/nav-settings/689bcacf9fe4bbc83dc79fd1/2025/8"}
{"duration":"1ms","ip":"::1","level":"warn","message":"REQUEST_ERROR","method":"GET","service":"hermetik-backend","statusCode":403,"timestamp":"2025-08-25 14:06:07","url":"/api/analytics/nav-settings/689bcacf9fe4bbc83dc79fd1/available-months"}
{"duration":"1ms","ip":"::1","level":"warn","message":"REQUEST_ERROR","method":"GET","service":"hermetik-backend","statusCode":403,"timestamp":"2025-08-25 14:06:07","url":"/api/analytics/nav-settings/689bcacf9fe4bbc83dc79fd1/2025/8/prior-nav"}
{"duration":"1ms","ip":"::1","level":"warn","message":"REQUEST_ERROR","method":"GET","service":"hermetik-backend","statusCode":403,"timestamp":"2025-08-25 14:06:07","url":"/api/analytics/nav-settings/689bcacf9fe4bbc83dc79fd1/available-months"}
{"duration":"4ms","ip":"::1","level":"warn","message":"REQUEST_ERROR","method":"GET","service":"hermetik-backend","statusCode":403,"timestamp":"2025-08-25 14:06:07","url":"/api/analytics/nav-settings/689bcacf9fe4bbc83dc79fd1/2025/8/prior-nav"}
{"duration":"2ms","ip":"::1","level":"warn","message":"REQUEST_ERROR","method":"GET","service":"hermetik-backend","statusCode":403,"timestamp":"2025-08-25 14:06:08","url":"/api/analytics/nav-settings/689bcacf9fe4bbc83dc79fd1/2025/8"}
{"duration":"2ms","ip":"::1","level":"warn","message":"REQUEST_ERROR","method":"GET","service":"hermetik-backend","statusCode":400,"timestamp":"2025-08-25 14:06:26","url":"/api/wallet/wallets"}
{"duration":"9ms","ip":"::1","level":"warn","message":"REQUEST_ERROR","method":"GET","service":"hermetik-backend","statusCode":400,"timestamp":"2025-08-25 14:06:27","url":"/api/wallet/wallets"}
{"duration":"12ms","ip":"::1","level":"warn","message":"REQUEST_ERROR","method":"GET","service":"hermetik-backend","statusCode":400,"timestamp":"2025-08-25 14:07:02","url":"/api/wallet/wallets"}
{"duration":"6ms","ip":"::1","level":"warn","message":"REQUEST_ERROR","method":"GET","service":"hermetik-backend","statusCode":400,"timestamp":"2025-08-25 14:07:03","url":"/api/wallet/wallets"}
{"duration":"14ms","ip":"::1","level":"warn","message":"REQUEST_ERROR","method":"GET","service":"hermetik-backend","statusCode":400,"timestamp":"2025-08-25 14:07:04","url":"/api/wallet/wallets"}
{"duration":"5ms","ip":"::1","level":"warn","message":"REQUEST_ERROR","method":"HEAD","service":"hermetik-backend","statusCode":404,"timestamp":"2025-08-25 14:11:06","url":"/"}
{"duration":"2ms","ip":"::1","level":"warn","message":"REQUEST_ERROR","method":"GET","service":"hermetik-backend","statusCode":401,"timestamp":"2025-08-25 14:12:29","url":"/api/analytics/admin/wallets/hybridWallets"}
{"duration":"6ms","ip":"::1","level":"warn","message":"REQUEST_ERROR","method":"GET","service":"hermetik-backend","statusCode":404,"timestamp":"2025-08-25 14:17:06","url":"/api/analytics/export/excel"}
{"duration":"0ms","ip":"::1","level":"warn","message":"REQUEST_ERROR","method":"GET","service":"hermetik-backend","statusCode":404,"timestamp":"2025-08-25 14:17:06","url":"/api/analytics/export/excel?userId=6891363c769f37a815a9b704"}
{"duration":"5ms","ip":"::1","level":"warn","message":"REQUEST_ERROR","method":"HEAD","service":"hermetik-backend","statusCode":404,"timestamp":"2025-08-25 14:21:28","url":"/"}
{"duration":"4ms","ip":"::1","level":"warn","message":"REQUEST_ERROR","method":"GET","service":"hermetik-backend","statusCode":404,"timestamp":"2025-08-25 14:22:13","url":"/api/analytics/export/excel"}
{"duration":"2ms","ip":"::1","level":"warn","message":"REQUEST_ERROR","method":"GET","service":"hermetik-backend","statusCode":404,"timestamp":"2025-08-25 14:22:14","url":"/api/analytics/export/excel?userId=689bcacf9fe4bbc83dc79fd1"}
{"duration":"45ms","ip":"::1","level":"warn","message":"REQUEST_ERROR","method":"POST","service":"hermetik-backend","statusCode":500,"timestamp":"2025-08-25 14:24:34","url":"/api/analytics/nav-settings/689bcacf9fe4bbc83dc79fd1/2025/8"}
{"duration":"39ms","ip":"::1","level":"warn","message":"REQUEST_ERROR","method":"POST","service":"hermetik-backend","statusCode":500,"timestamp":"2025-08-25 14:24:37","url":"/api/analytics/nav-settings/689bcacf9fe4bbc83dc79fd1/2025/8"}
{"duration":"4ms","ip":"::1","level":"warn","message":"REQUEST_ERROR","method":"GET","service":"hermetik-backend","statusCode":404,"timestamp":"2025-08-25 14:26:50","url":"/api/analytics/export/excel"}
{"duration":"0ms","ip":"::1","level":"warn","message":"REQUEST_ERROR","method":"GET","service":"hermetik-backend","statusCode":404,"timestamp":"2025-08-25 14:26:50","url":"/api/analytics/export/excel?userId=689bca549fe4bbc83dc7939e"}
{"duration":"3ms","ip":"::1","level":"warn","message":"REQUEST_ERROR","method":"GET","service":"hermetik-backend","statusCode":401,"timestamp":"2025-08-25 15:03:02","url":"/api/ai/health"}
{"duration":"23ms","ip":"::1","level":"warn","message":"REQUEST_ERROR","method":"GET","service":"hermetik-backend","statusCode":401,"timestamp":"2025-08-25 15:04:00","url":"/api/ai/conversations?limit=10"}
{"duration":"2ms","ip":"::1","level":"warn","message":"REQUEST_ERROR","method":"GET","service":"hermetik-backend","statusCode":401,"timestamp":"2025-08-25 15:04:00","url":"/api/ai/conversations?limit=10"}
{"duration":"2ms","ip":"::1","level":"warn","message":"REQUEST_ERROR","method":"GET","service":"hermetik-backend","statusCode":401,"timestamp":"2025-08-25 15:04:02","url":"/api/nav"}
{"duration":"1ms","ip":"::1","level":"warn","message":"REQUEST_ERROR","method":"GET","service":"hermetik-backend","statusCode":401,"timestamp":"2025-08-25 15:04:02","url":"/api/nav"}
{"duration":"12ms","ip":"::1","level":"warn","message":"REQUEST_ERROR","method":"GET","service":"hermetik-backend","statusCode":400,"timestamp":"2025-08-25 15:04:08","url":"/api/wallet/wallets"}
{"duration":"18ms","ip":"::1","level":"warn","message":"REQUEST_ERROR","method":"GET","service":"hermetik-backend","statusCode":400,"timestamp":"2025-08-25 15:04:09","url":"/api/wallet/wallets"}
{"duration":"9ms","ip":"::1","level":"warn","message":"REQUEST_ERROR","method":"GET","service":"hermetik-backend","statusCode":401,"timestamp":"2025-08-25 15:06:16","url":"/api/ai/health"}
{"duration":"20ms","ip":"::1","level":"warn","message":"REQUEST_ERROR","method":"GET","service":"hermetik-backend","statusCode":401,"timestamp":"2025-08-25 15:15:01","url":"/api/ai/health"}
{"duration":"25ms","ip":"::1","level":"warn","message":"REQUEST_ERROR","method":"POST","service":"hermetik-backend","statusCode":401,"timestamp":"2025-08-25 15:15:01","url":"/api/ai/chat"}
{"duration":"0ms","ip":"::1","level":"warn","message":"REQUEST_ERROR","method":"POST","service":"hermetik-backend","statusCode":401,"timestamp":"2025-08-25 15:15:01","url":"/api/ai/generate-nav-report"}
{"duration":"12ms","ip":"::1","level":"warn","message":"REQUEST_ERROR","method":"GET","service":"hermetik-backend","statusCode":401,"timestamp":"2025-08-28 20:47:35","url":"/api/nav"}
{"duration":"10044ms","ip":"::1","level":"warn","message":"REQUEST_ERROR","method":"POST","service":"hermetik-backend","statusCode":500,"timestamp":"2025-08-28 20:48:15","url":"/api/auth/login"}
{"duration":"10086ms","ip":"::1","level":"warn","message":"REQUEST_ERROR","method":"POST","service":"hermetik-backend","statusCode":500,"timestamp":"2025-08-28 20:49:55","url":"/api/auth/login"}
{"duration":"10010ms","ip":"::1","level":"warn","message":"REQUEST_ERROR","method":"POST","service":"hermetik-backend","statusCode":500,"timestamp":"2025-08-28 20:50:51","url":"/api/auth/login"}
{"duration":"10015ms","ip":"::1","level":"warn","message":"REQUEST_ERROR","method":"POST","service":"hermetik-backend","statusCode":500,"timestamp":"2025-08-28 20:52:21","url":"/api/auth/login"}
{"duration":"10024ms","ip":"::1","level":"warn","message":"REQUEST_ERROR","method":"POST","service":"hermetik-backend","statusCode":500,"timestamp":"2025-08-28 20:52:40","url":"/api/auth/login"}
{"duration":"37ms","ip":"::1","level":"warn","message":"REQUEST_ERROR","method":"GET","service":"hermetik-backend","statusCode":401,"timestamp":"2025-08-28 20:55:58","url":"/api/nav"}
{"duration":"1ms","ip":"::1","level":"warn","message":"REQUEST_ERROR","method":"GET","service":"hermetik-backend","statusCode":401,"timestamp":"2025-08-28 20:55:58","url":"/api/nav"}
{"duration":"2ms","ip":"::1","level":"warn","message":"REQUEST_ERROR","method":"GET","service":"hermetik-backend","statusCode":401,"timestamp":"2025-08-28 20:57:12","url":"/api/nav"}
{"duration":"0ms","ip":"::1","level":"warn","message":"REQUEST_ERROR","method":"GET","service":"hermetik-backend","statusCode":401,"timestamp":"2025-08-28 20:57:12","url":"/api/nav"}
{"duration":"295ms","ip":"::1","level":"warn","message":"REQUEST_ERROR","method":"POST","service":"hermetik-backend","statusCode":500,"timestamp":"2025-08-28 20:57:12","url":"/api/auth/login"}
{"duration":"32ms","ip":"::1","level":"warn","message":"REQUEST_ERROR","method":"GET","service":"hermetik-backend","statusCode":400,"timestamp":"2025-08-28 20:57:16","url":"/api/wallet/wallets"}
{"duration":"13ms","ip":"::1","level":"warn","message":"REQUEST_ERROR","method":"GET","service":"hermetik-backend","statusCode":400,"timestamp":"2025-08-28 20:57:17","url":"/api/wallet/wallets"}
{"duration":"7ms","ip":"::1","level":"warn","message":"REQUEST_ERROR","method":"GET","service":"hermetik-backend","statusCode":400,"timestamp":"2025-08-28 20:57:35","url":"/api/wallet/wallets"}
{"duration":"4ms","ip":"::1","level":"warn","message":"REQUEST_ERROR","method":"GET","service":"hermetik-backend","statusCode":400,"timestamp":"2025-08-29 12:50:50","url":"/api/wallet/wallets"}
{"duration":"9ms","ip":"::1","level":"warn","message":"REQUEST_ERROR","method":"GET","service":"hermetik-backend","statusCode":400,"timestamp":"2025-08-29 12:50:51","url":"/api/wallet/wallets"}
{"duration":"14ms","ip":"::1","level":"warn","message":"REQUEST_ERROR","method":"GET","service":"hermetik-backend","statusCode":400,"timestamp":"2025-08-29 12:54:42","url":"/api/wallet/wallets"}
{"duration":"12ms","ip":"::1","level":"warn","message":"REQUEST_ERROR","method":"GET","service":"hermetik-backend","statusCode":400,"timestamp":"2025-08-29 12:54:43","url":"/api/wallet/wallets"}
{"duration":"28ms","ip":"::1","level":"warn","message":"REQUEST_ERROR","method":"GET","service":"hermetik-backend","statusCode":400,"timestamp":"2025-08-29 12:58:05","url":"/api/wallet/wallets"}
{"duration":"19ms","ip":"::1","level":"warn","message":"REQUEST_ERROR","method":"GET","service":"hermetik-backend","statusCode":400,"timestamp":"2025-08-29 12:58:54","url":"/api/wallet/wallets"}
{"duration":"4ms","ip":"::1","level":"warn","message":"REQUEST_ERROR","method":"GET","service":"hermetik-backend","statusCode":400,"timestamp":"2025-08-29 13:01:23","url":"/api/wallet/wallets"}
{"duration":"14ms","ip":"::1","level":"warn","message":"REQUEST_ERROR","method":"GET","service":"hermetik-backend","statusCode":400,"timestamp":"2025-08-29 13:01:24","url":"/api/wallet/wallets"}
{"duration":"2ms","ip":"::1","level":"warn","message":"REQUEST_ERROR","method":"GET","service":"hermetik-backend","statusCode":404,"timestamp":"2025-08-29 13:03:17","url":"/analytics/export/monthly-nav?userId=68a1f123f09a6ebb3a9d9c0b&month=7&year=2025"}
{"duration":"1ms","ip":"::1","level":"warn","message":"REQUEST_ERROR","method":"GET","service":"hermetik-backend","statusCode":404,"timestamp":"2025-08-29 13:03:23","url":"/analytics/export"}
{"duration":"0ms","ip":"::1","level":"warn","message":"REQUEST_ERROR","method":"GET","service":"hermetik-backend","statusCode":404,"timestamp":"2025-08-29 13:03:29","url":"/health"}
{"duration":"3ms","ip":"::1","level":"warn","message":"REQUEST_ERROR","method":"GET","service":"hermetik-backend","statusCode":401,"timestamp":"2025-08-29 13:03:44","url":"/api/analytics/export/monthly-nav?userId=68a1f123f09a6ebb3a9d9c0b&month=7&year=2025"}
{"duration":"153ms","ip":"::1","level":"warn","message":"REQUEST_ERROR","method":"POST","service":"hermetik-backend","statusCode":500,"timestamp":"2025-08-29 13:05:00","url":"/api/auth/login"}
{"duration":"2ms","ip":"::1","level":"warn","message":"REQUEST_ERROR","method":"GET","service":"hermetik-backend","statusCode":403,"timestamp":"2025-08-29 13:07:58","url":"/api/analytics/export/monthly-nav?userId=689bca849fe4bbc83dc793a2&month=7&year=2025"}
{"duration":"2ms","ip":"::1","level":"warn","message":"REQUEST_ERROR","method":"GET","service":"hermetik-backend","statusCode":403,"timestamp":"2025-08-29 13:07:59","url":"/api/analytics/export/monthly-nav?userId=689bca849fe4bbc83dc793a2&month=7&year=2025"}
{"duration":"3ms","ip":"::1","level":"warn","message":"REQUEST_ERROR","method":"GET","service":"hermetik-backend","statusCode":403,"timestamp":"2025-08-29 13:08:00","url":"/api/analytics/export/monthly-nav?userId=689bca849fe4bbc83dc793a2&month=7&year=2025"}
{"duration":"1ms","ip":"::1","level":"warn","message":"REQUEST_ERROR","method":"GET","service":"hermetik-backend","statusCode":403,"timestamp":"2025-08-29 13:08:00","url":"/api/analytics/export/monthly-nav?userId=689bca849fe4bbc83dc793a2&month=7&year=2025"}
{"duration":"2ms","ip":"::1","level":"warn","message":"REQUEST_ERROR","method":"GET","service":"hermetik-backend","statusCode":403,"timestamp":"2025-08-29 13:08:00","url":"/api/analytics/export/monthly-nav?userId=689bca849fe4bbc83dc793a2&month=7&year=2025"}
{"duration":"1ms","ip":"::1","level":"warn","message":"REQUEST_ERROR","method":"GET","service":"hermetik-backend","statusCode":403,"timestamp":"2025-08-29 13:08:03","url":"/api/analytics/nav-settings/689bca849fe4bbc83dc793a2/2025/8"}
{"duration":"1ms","ip":"::1","level":"warn","message":"REQUEST_ERROR","method":"GET","service":"hermetik-backend","statusCode":403,"timestamp":"2025-08-29 13:08:03","url":"/api/analytics/nav-settings/689bca849fe4bbc83dc793a2/available-months"}
{"duration":"1ms","ip":"::1","level":"warn","message":"REQUEST_ERROR","method":"GET","service":"hermetik-backend","statusCode":403,"timestamp":"2025-08-29 13:08:03","url":"/api/analytics/nav-settings/689bca849fe4bbc83dc793a2/2025/8/prior-nav"}
{"duration":"1ms","ip":"::1","level":"warn","message":"REQUEST_ERROR","method":"GET","service":"hermetik-backend","statusCode":403,"timestamp":"2025-08-29 13:08:03","url":"/api/analytics/nav-settings/689bca849fe4bbc83dc793a2/available-months"}
{"duration":"0ms","ip":"::1","level":"warn","message":"REQUEST_ERROR","method":"GET","service":"hermetik-backend","statusCode":403,"timestamp":"2025-08-29 13:08:03","url":"/api/analytics/nav-settings/689bca849fe4bbc83dc793a2/2025/8/prior-nav"}
{"duration":"3ms","ip":"::1","level":"warn","message":"REQUEST_ERROR","method":"GET","service":"hermetik-backend","statusCode":403,"timestamp":"2025-08-29 13:08:06","url":"/api/analytics/nav-settings/689bca849fe4bbc83dc793a2/2025/8"}
{"duration":"5ms","ip":"::1","level":"warn","message":"REQUEST_ERROR","method":"GET","service":"hermetik-backend","statusCode":400,"timestamp":"2025-08-29 13:08:32","url":"/api/wallet/wallets"}
{"duration":"9ms","ip":"::1","level":"warn","message":"REQUEST_ERROR","method":"GET","service":"hermetik-backend","statusCode":400,"timestamp":"2025-08-29 13:08:33","url":"/api/wallet/wallets"}
{"duration":"5ms","ip":"::1","level":"warn","message":"REQUEST_ERROR","method":"GET","service":"hermetik-backend","statusCode":400,"timestamp":"2025-08-29 13:11:04","url":"/api/wallet/wallets"}
{"duration":"5ms","ip":"::1","level":"warn","message":"REQUEST_ERROR","method":"GET","service":"hermetik-backend","statusCode":400,"timestamp":"2025-08-29 13:11:06","url":"/api/wallet/wallets"}
{"duration":"4ms","ip":"::1","level":"warn","message":"REQUEST_ERROR","method":"GET","service":"hermetik-backend","statusCode":400,"timestamp":"2025-08-29 13:18:11","url":"/api/wallet/wallets"}
{"duration":"5ms","ip":"::1","level":"warn","message":"REQUEST_ERROR","method":"GET","service":"hermetik-backend","statusCode":400,"timestamp":"2025-08-29 13:18:12","url":"/api/wallet/wallets"}
{"duration":"4ms","ip":"::1","level":"warn","message":"REQUEST_ERROR","method":"GET","service":"hermetik-backend","statusCode":400,"timestamp":"2025-08-29 13:26:06","url":"/api/wallet/wallets"}
{"duration":"3ms","ip":"::1","level":"warn","message":"REQUEST_ERROR","method":"GET","service":"hermetik-backend","statusCode":400,"timestamp":"2025-08-29 13:28:45","url":"/api/wallet/wallets"}
